<?xml version="1.0" encoding="UTF-8"?>
<testng-results ignored="0" total="3" passed="3" failed="0" skipped="0">
  <reporter-output>
  </reporter-output>
  <suite started-at="2023-09-16T16:54:15 BST" name="Suite" finished-at="2023-09-16T16:57:10 BST" duration-ms="175693">
    <groups>
    </groups>
    <test started-at="2023-09-16T16:54:15 BST" name="Test" finished-at="2023-09-16T16:57:10 BST" duration-ms="175693">
      <class name="Docker.ChromeTest1">
        <test-method signature="test1()[pri:0, instance:Docker.ChromeTest1@60015ef5]" started-at="2023-09-16T16:54:30 BST" name="test1" finished-at="2023-09-16T16:57:05 BST" duration-ms="155313" status="PASS">
          <reporter-output>
          </reporter-output>
        </test-method> <!-- test1 -->
      </class> <!-- Docker.ChromeTest1 -->
      <class name="Docker.EdgeTest5">
        <test-method signature="test5()[pri:0, instance:Docker.EdgeTest5@1018bde2]" started-at="2023-09-16T16:54:30 BST" name="test5" finished-at="2023-09-16T16:56:34 BST" duration-ms="123706" status="PASS">
          <reporter-output>
          </reporter-output>
        </test-method> <!-- test5 -->
      </class> <!-- Docker.EdgeTest5 -->
      <class name="Docker.FirefoxTest4">
        <test-method signature="test4()[pri:0, instance:Docker.FirefoxTest4@2f54a33d]" started-at="2023-09-16T16:54:30 BST" name="test4" finished-at="2023-09-16T16:56:40 BST" duration-ms="130515" status="PASS">
          <reporter-output>
          </reporter-output>
        </test-method> <!-- test4 -->
      </class> <!-- Docker.FirefoxTest4 -->
      <class name="Docker.Setup_DockerGrid">
        <test-method is-config="true" signature="startDockerGrid()[pri:0, instance:Docker.Setup_DockerGrid@a1cdc6d]" started-at="2023-09-16T16:54:15 BST" name="startDockerGrid" finished-at="2023-09-16T16:54:30 BST" duration-ms="15090" status="PASS">
          <reporter-output>
          </reporter-output>
        </test-method> <!-- startDockerGrid -->
        <test-method is-config="true" signature="stopDockerGrid()[pri:0, instance:Docker.Setup_DockerGrid@a1cdc6d]" started-at="2023-09-16T16:57:05 BST" name="stopDockerGrid" finished-at="2023-09-16T16:57:10 BST" duration-ms="5230" status="PASS">
          <reporter-output>
          </reporter-output>
        </test-method> <!-- stopDockerGrid -->
      </class> <!-- Docker.Setup_DockerGrid -->
    </test> <!-- Test -->
  </suite> <!-- Suite -->
</testng-results>
